\BOOKMARK [1][-]{section.1}{Gobierno de datos}{}% 1
\BOOKMARK [2][-]{subsection.1.1}{Gobernanza y gesti\363n de la calidad de datos}{section.1}% 2
\BOOKMARK [2][-]{subsection.1.2}{Fases}{section.1}% 3
\BOOKMARK [2][-]{subsection.1.3}{Componentes}{section.1}% 4
\BOOKMARK [2][-]{subsection.1.4}{Impacto del gobierno de datos en la adquisici\363n de ONO por Vodafone}{section.1}% 5
\BOOKMARK [2][-]{subsection.1.5}{Propuesta de organizaci\363n que cubre las funciones DAMA}{section.1}% 6
\BOOKMARK [1][-]{section.2}{Relaci\363n del gobierno de datos con la RGPD}{}% 7
\BOOKMARK [2][-]{subsection.2.1}{\277C\363mo deben gobernarse estos datos? \277De qu\351 manera hubiese afectado al gobierno de datos el RGPD?}{section.2}% 8
\BOOKMARK [2][-]{subsection.2.2}{Relaci\363n con el tri\341ngulo de la seguridad}{section.2}% 9
\BOOKMARK [2][-]{subsection.2.3}{Identidad y privacidad}{section.2}% 10
\BOOKMARK [1][-]{section.3}{Mercado de Datos}{}% 11
\BOOKMARK [2][-]{subsection.3.1}{Qu\351 son}{section.3}% 12
\BOOKMARK [2][-]{subsection.3.2}{C\363mo se gobiernan los datos de uno o m\341s mercados}{section.3}% 13
\BOOKMARK [2][-]{subsection.3.3}{Procesos de anonimizaci\363n de los datos de los mercados}{section.3}% 14
\BOOKMARK [2][-]{subsection.3.4}{Relaci\363n anonimizaci\363n, ciclo de vida y valor de los datos}{section.3}% 15
\BOOKMARK [2][-]{subsection.3.5}{Influencia de la \351tica en la venta de datos personales}{section.3}% 16
\BOOKMARK [1][-]{section.4}{Terminolog\355a}{}% 17
\BOOKMARK [2][-]{subsection.4.1}{Calidad VS gobierno de datos}{section.4}% 18
\BOOKMARK [2][-]{subsection.4.2}{Calidad VS madurez}{section.4}% 19
\BOOKMARK [2][-]{subsection.4.3}{C\363mo se puede medir y mejorar la calidad de los datos}{section.4}% 20
\BOOKMARK [2][-]{subsection.4.4}{Funciones y roles. Propietarios de datos VS administradores de datos}{section.4}% 21
